Arguments: 
  /usr/bin/node /usr/bin/yarn init

PATH: 
  /home/yuri/.zinit/polaris/sbin:/home/yuri/.zinit/polaris/bin:/usr/local/sbin:/usr/local/bin:/usr/sbin:/usr/bin:/sbin:/bin:/usr/games:/usr/local/games:/snap/bin:/home/yuri/Android/Sdk/emulator:/home/yuri/Android/Sdk/tools:/home/yuri/Android/Sdk/tools/bin:/home/yuri/Android/Sdk/platform-tools:/home/yuri/android-studio/bin

Yarn version: 
  1.22.10

Node version: 
  12.20.1

Platform: 
  linux x64

Trace: 
  Error: canceled
      at Interface.<anonymous> (/usr/lib/node_modules/yarn/lib/cli.js:136216:13)
      at Interface.emit (events.js:314:20)
      at Interface._ttyWrite (readline.js:868:16)
      at ReadStream.onkeypress (readline.js:205:10)
      at ReadStream.emit (events.js:314:20)
      at emitKeys (internal/readline/utils.js:335:14)
      at emitKeys.next (<anonymous>)
      at ReadStream.onData (readline.js:1137:36)
      at ReadStream.emit (events.js:314:20)
      at addChunk (_stream_readable.js:297:12)

npm manifest: 
  No manifest

yarn manifest: 
  No manifest

Lockfile: 
  No lockfile
